#
# There is insufficient memory for the Java Runtime Environment to continue.
# Native memory allocation (malloc) failed to allocate 1169776 bytes for Chunk::new
# Possible reasons:
#   The system is out of physical RAM or swap space
#   The process is running with CompressedOops enabled, and the Java Heap may be blocking the growth of the native heap
# Possible solutions:
#   Reduce memory load on the system
#   Increase physical memory or swap space
#   Check if swap backing store is full
#   Decrease Java heap size (-Xmx/-Xms)
#   Decrease number of Java threads
#   Decrease Java thread stack sizes (-Xss)
#   Set larger code cache with -XX:ReservedCodeCacheSize=
#   JVM is running with Zero Based Compressed Oops mode in which the Java heap is
#     placed in the first 32GB address space. The Java Heap base address is the
#     maximum limit for the native heap growth. Please use -XX:HeapBaseMinAddress
#     to set the Java Heap base and to place the Java Heap above 32GB virtual address.
# This output file may be truncated or incomplete.
#
#  Out of Memory Error (allocation.cpp:389), pid=11792, tid=0x00000000000057c8
#
# JRE version: Java(TM) SE Runtime Environment (8.0_211-b12) (build 1.8.0_211-b12)
# Java VM: Java HotSpot(TM) 64-Bit Server VM (25.211-b12 mixed mode windows-amd64 compressed oops)
# Failed to write core dump. Minidumps are not enabled by default on client versions of Windows
#

---------------  T H R E A D  ---------------

Current thread (0x000000001c317800):  JavaThread "C2 CompilerThread1" daemon [_thread_in_native, id=22472, stack(0x000000001df40000,0x000000001e040000)]

Stack: [0x000000001df40000,0x000000001e040000]
[error occurred during error reporting (printing stack bounds), id 0xc0000005]

Native frames: (J=compiled Java code, j=interpreted, Vv=VM code, C=native code)


Current CompileTask:
C2:  13804 3268 %     4       com.sun.tools.javac.file.ZipFileIndex$ZipDirectory::readEntry @ 215 (587 bytes)


---------------  P R O C E S S  ---------------

Java Threads: ( => current thread )
  0x000000001d9bc000 JavaThread "Service Thread" daemon [_thread_blocked, id=2032, stack(0x000000001e140000,0x000000001e240000)]
  0x000000001d9b4000 JavaThread "C1 CompilerThread2" daemon [_thread_blocked, id=22524, stack(0x000000001e040000,0x000000001e140000)]
=>0x000000001c317800 JavaThread "C2 CompilerThread1" daemon [_thread_in_native, id=22472, stack(0x000000001df40000,0x000000001e040000)]
  0x000000001c314000 JavaThread "C2 CompilerThread0" daemon [_thread_blocked, id=22944, stack(0x000000001de40000,0x000000001df40000)]
  0x000000001d983800 JavaThread "Monitor Ctrl-Break" daemon [_thread_in_native, id=20036, stack(0x000000001dd40000,0x000000001de40000)]
  0x000000001c2ec000 JavaThread "Attach Listener" daemon [_thread_blocked, id=26800, stack(0x000000001d840000,0x000000001d940000)]
  0x000000001c2eb000 JavaThread "Signal Dispatcher" daemon [_thread_blocked, id=27036, stack(0x000000001d740000,0x000000001d840000)]
  0x0000000002d1c800 JavaThread "Finalizer" daemon [_thread_blocked, id=25800, stack(0x000000001d540000,0x000000001d640000)]
  0x0000000002d13800 JavaThread "Reference Handler" daemon [_thread_blocked, id=27380, stack(0x000000001d440000,0x000000001d540000)]
  0x0000000002c23800 JavaThread "main" [_thread_in_native, id=14592, stack(0x0000000002840000,0x0000000002940000)]

Other Threads:
  0x000000001c2a7000 VMThread [stack: 0x000000001d340000,0x000000001d440000] [id=24400]
  0x000000001da05000 WatcherThread [stack: 0x000000001e240000,0x000000001e340000] [id=24404]

VM state:not at safepoint (normal execution)

VM Mutex/Monitor currently owned by a thread: None

heap address: 0x00000006c1e00000, size: 4066 MB, Compressed Oops mode: Zero based, Oop shift amount: 3
Narrow klass base: 0x0000000000000000, Narrow klass shift: 3
Compressed class space size: 1073741824 Address: 0x00000007c0000000

Heap:
 PSYoungGen      total 76288K, used 16708K [0x000000076b500000, 0x0000000774a00000, 0x00000007c0000000)
  eden space 65536K, 25% used [0x000000076b500000,0x000000076c5513a0,0x000000076f500000)
  from space 10752K, 0% used [0x000000076ff80000,0x000000076ff80000,0x0000000770a00000)
  to   space 10752K, 0% used [0x000000076f500000,0x000000076f500000,0x000000076ff80000)
 ParOldGen       total 88064K, used 9586K [0x00000006c1e00000, 0x00000006c7400000, 0x000000076b500000)
  object space 88064K, 10% used [0x00000006c1e00000,0x00000006c275ca30,0x00000006c7400000)
 Metaspace       used 21692K, capacity 22132K, committed 22448K, reserved 1069056K
  class space    used 2591K, capacity 2707K, committed 2816K, reserved 1048576K

Card table byte_map: [0x00000000120e0000,0x00000000128e0000] byte_map_base: 0x000000000ead1000

Marking Bits: (ParMarkBitMap*) 0x000000006cf95ce0
 Begin Bits: [0x0000000013230000, 0x00000000171b8000)
 End Bits:   [0x00000000171b8000, 0x000000001b140000)

Polling page: 0x0000000000d40000

CodeCache: size=245760Kb used=11165Kb max_used=11183Kb free=234594Kb
 bounds [0x0000000002d20000, 0x0000000003820000, 0x0000000011d20000]
 total_blobs=3655 nmethods=3251 adapters=316
 compilation: enabled

Compilation events (10 events):
Event: 13.311 Thread 0x000000001d9b4000 3265       3       java.util.ComparableTimSort::pushRun (31 bytes)
Event: 13.311 Thread 0x000000001d9b4000 nmethod 3265 0x00000000038075d0 code [0x0000000003807740, 0x00000000038078f0]
Event: 13.311 Thread 0x000000001d9b4000 3267       3       java.util.ComparableTimSort::ensureCapacity (91 bytes)
Event: 13.312 Thread 0x000000001d9b4000 nmethod 3267 0x000000000380a910 code [0x000000000380aa80, 0x000000000380ae10]
Event: 13.408 Thread 0x000000001c314000 nmethod 3239% 0x0000000003810a90 code [0x0000000003810ea0, 0x0000000003813d50]
Event: 13.490 Thread 0x000000001c317800 3268 %     4       com.sun.tools.javac.file.ZipFileIndex$ZipDirectory::readEntry @ 215 (587 bytes)
Event: 13.627 Thread 0x000000001c314000 3269       4       java.util.LinkedHashMap$LinkedKeyIterator::next (8 bytes)
Event: 13.628 Thread 0x000000001c314000 nmethod 3269 0x0000000003802d10 code [0x0000000003802e40, 0x0000000003802f18]
Event: 13.749 Thread 0x000000001d9b4000 3270       3       java.util.ComparableTimSort::mergeAt (356 bytes)
Event: 13.750 Thread 0x000000001d9b4000 nmethod 3270 0x000000000380fc10 code [0x000000000380fe00, 0x00000000038105d8]

GC Heap History (10 events):
Event: 3.369 GC heap before
{Heap before GC invocations=1 (full 0):
 PSYoungGen      total 76288K, used 65536K [0x000000076b500000, 0x0000000770a00000, 0x00000007c0000000)
  eden space 65536K, 100% used [0x000000076b500000,0x000000076f500000,0x000000076f500000)
  from space 10752K, 0% used [0x000000076ff80000,0x000000076ff80000,0x0000000770a00000)
  to   space 10752K, 0% used [0x000000076f500000,0x000000076f500000,0x000000076ff80000)
 ParOldGen       total 175104K, used 0K [0x00000006c1e00000, 0x00000006cc900000, 0x000000076b500000)
  object space 175104K, 0% used [0x00000006c1e00000,0x00000006c1e00000,0x00000006cc900000)
 Metaspace       used 11078K, capacity 11178K, committed 11392K, reserved 1058816K
  class space    used 1334K, capacity 1382K, committed 1408K, reserved 1048576K
Event: 3.381 GC heap after
Heap after GC invocations=1 (full 0):
 PSYoungGen      total 76288K, used 8694K [0x000000076b500000, 0x0000000770a00000, 0x00000007c0000000)
  eden space 65536K, 0% used [0x000000076b500000,0x000000076b500000,0x000000076f500000)
  from space 10752K, 80% used [0x000000076f500000,0x000000076fd7d810,0x000000076ff80000)
  to   space 10752K, 0% used [0x000000076ff80000,0x000000076ff80000,0x0000000770a00000)
 ParOldGen       total 175104K, used 16K [0x00000006c1e00000, 0x00000006cc900000, 0x000000076b500000)
  object space 175104K, 0% used [0x00000006c1e00000,0x00000006c1e04000,0x00000006cc900000)
 Metaspace       used 11078K, capacity 11178K, committed 11392K, reserved 1058816K
  class space    used 1334K, capacity 1382K, committed 1408K, reserved 1048576K
}
Event: 7.350 GC heap before
{Heap before GC invocations=2 (full 0):
 PSYoungGen      total 76288K, used 74230K [0x000000076b500000, 0x0000000770a00000, 0x00000007c0000000)
  eden space 65536K, 100% used [0x000000076b500000,0x000000076f500000,0x000000076f500000)
  from space 10752K, 80% used [0x000000076f500000,0x000000076fd7d810,0x000000076ff80000)
  to   space 10752K, 0% used [0x000000076ff80000,0x000000076ff80000,0x0000000770a00000)
 ParOldGen       total 175104K, used 16K [0x00000006c1e00000, 0x00000006cc900000, 0x000000076b500000)
  object space 175104K, 0% used [0x00000006c1e00000,0x00000006c1e04000,0x00000006cc900000)
 Metaspace       used 16116K, capacity 16316K, committed 16640K, reserved 1064960K
  class space    used 1922K, capacity 2007K, committed 2048K, reserved 1048576K
Event: 7.384 GC heap after
Heap after GC invocations=2 (full 0):
 PSYoungGen      total 76288K, used 10169K [0x000000076b500000, 0x0000000770a00000, 0x00000007c0000000)
  eden space 65536K, 0% used [0x000000076b500000,0x000000076b500000,0x000000076f500000)
  from space 10752K, 94% used [0x000000076ff80000,0x000000077096e6a0,0x0000000770a00000)
  to   space 10752K, 0% used [0x000000076f500000,0x000000076f500000,0x000000076ff80000)
 ParOldGen       total 175104K, used 24K [0x00000006c1e00000, 0x00000006cc900000, 0x000000076b500000)
  object space 175104K, 0% used [0x00000006c1e00000,0x00000006c1e06000,0x00000006cc900000)
 Metaspace       used 16116K, capacity 16316K, committed 16640K, reserved 1064960K
  class space    used 1922K, capacity 2007K, committed 2048K, reserved 1048576K
}
Event: 11.271 GC heap before
{Heap before GC invocations=3 (full 0):
 PSYoungGen      total 76288K, used 75705K [0x000000076b500000, 0x0000000770a00000, 0x00000007c0000000)
  eden space 65536K, 100% used [0x000000076b500000,0x000000076f500000,0x000000076f500000)
  from space 10752K, 94% used [0x000000076ff80000,0x000000077096e6a0,0x0000000770a00000)
  to   space 10752K, 0% used [0x000000076f500000,0x000000076f500000,0x000000076ff80000)
 ParOldGen       total 175104K, used 24K [0x00000006c1e00000, 0x00000006cc900000, 0x000000076b500000)
  object space 175104K, 0% used [0x00000006c1e00000,0x00000006c1e06000,0x00000006cc900000)
 Metaspace       used 19497K, capacity 19924K, committed 20096K, reserved 1067008K
  class space    used 2311K, capacity 2419K, committed 2432K, reserved 1048576K
Event: 11.287 GC heap after
Heap after GC invocations=3 (full 0):
 PSYoungGen      total 76288K, used 10728K [0x000000076b500000, 0x0000000770a00000, 0x00000007c0000000)
  eden space 65536K, 0% used [0x000000076b500000,0x000000076b500000,0x000000076f500000)
  from space 10752K, 99% used [0x000000076f500000,0x000000076ff7a1e0,0x000000076ff80000)
  to   space 10752K, 0% used [0x000000076ff80000,0x000000076ff80000,0x0000000770a00000)
 ParOldGen       total 175104K, used 152K [0x00000006c1e00000, 0x00000006cc900000, 0x000000076b500000)
  object space 175104K, 0% used [0x00000006c1e00000,0x00000006c1e26040,0x00000006cc900000)
 Metaspace       used 19497K, capacity 19924K, committed 20096K, reserved 1067008K
  class space    used 2311K, capacity 2419K, committed 2432K, reserved 1048576K
}
Event: 11.451 GC heap before
{Heap before GC invocations=4 (full 0):
 PSYoungGen      total 76288K, used 17270K [0x000000076b500000, 0x0000000770a00000, 0x00000007c0000000)
  eden space 65536K, 9% used [0x000000076b500000,0x000000076bb637d0,0x000000076f500000)
  from space 10752K, 99% used [0x000000076f500000,0x000000076ff7a1e0,0x000000076ff80000)
  to   space 10752K, 0% used [0x000000076ff80000,0x000000076ff80000,0x0000000770a00000)
 ParOldGen       total 175104K, used 152K [0x00000006c1e00000, 0x00000006cc900000, 0x000000076b500000)
  object space 175104K, 0% used [0x00000006c1e00000,0x00000006c1e26040,0x00000006cc900000)
 Metaspace       used 20686K, capacity 21076K, committed 21296K, reserved 1069056K
  class space    used 2490K, capacity 2611K, committed 2688K, reserved 1048576K
Event: 11.475 GC heap after
Heap after GC invocations=4 (full 0):
 PSYoungGen      total 76288K, used 9696K [0x000000076b500000, 0x0000000774a00000, 0x00000007c0000000)
  eden space 65536K, 0% used [0x000000076b500000,0x000000076b500000,0x000000076f500000)
  from space 10752K, 90% used [0x000000076ff80000,0x00000007708f8060,0x0000000770a00000)
  to   space 10752K, 0% used [0x000000076f500000,0x000000076f500000,0x000000076ff80000)
 ParOldGen       total 175104K, used 160K [0x00000006c1e00000, 0x00000006cc900000, 0x000000076b500000)
  object space 175104K, 0% used [0x00000006c1e00000,0x00000006c1e28040,0x00000006cc900000)
 Metaspace       used 20686K, capacity 21076K, committed 21296K, reserved 1069056K
  class space    used 2490K, capacity 2611K, committed 2688K, reserved 1048576K
}
Event: 11.475 GC heap before
{Heap before GC invocations=5 (full 1):
 PSYoungGen      total 76288K, used 9696K [0x000000076b500000, 0x0000000774a00000, 0x00000007c0000000)
  eden space 65536K, 0% used [0x000000076b500000,0x000000076b500000,0x000000076f500000)
  from space 10752K, 90% used [0x000000076ff80000,0x00000007708f8060,0x0000000770a00000)
  to   space 10752K, 0% used [0x000000076f500000,0x000000076f500000,0x000000076ff80000)
 ParOldGen       total 175104K, used 160K [0x00000006c1e00000, 0x00000006cc900000, 0x000000076b500000)
  object space 175104K, 0% used [0x00000006c1e00000,0x00000006c1e28040,0x00000006cc900000)
 Metaspace       used 20686K, capacity 21076K, committed 21296K, reserved 1069056K
  class space    used 2490K, capacity 2611K, committed 2688K, reserved 1048576K
Event: 11.565 GC heap after
Heap after GC invocations=5 (full 1):
 PSYoungGen      total 76288K, used 0K [0x000000076b500000, 0x0000000774a00000, 0x00000007c0000000)
  eden space 65536K, 0% used [0x000000076b500000,0x000000076b500000,0x000000076f500000)
  from space 10752K, 0% used [0x000000076ff80000,0x000000076ff80000,0x0000000770a00000)
  to   space 10752K, 0% used [0x000000076f500000,0x000000076f500000,0x000000076ff80000)
 ParOldGen       total 88064K, used 9586K [0x00000006c1e00000, 0x00000006c7400000, 0x000000076b500000)
  object space 88064K, 10% used [0x00000006c1e00000,0x00000006c275ca30,0x00000006c7400000)
 Metaspace       used 20686K, capacity 21076K, committed 21296K, reserved 1069056K
  class space    used 2490K, capacity 2611K, committed 2688K, reserved 1048576K
}

Deoptimization events (10 events):
Event: 9.251 Thread 0x0000000002c23800 Uncommon trap: reason=array_check action=maybe_recompile pc=0x0000000003694d9c method=java.util.TimSort.binarySort([Ljava/lang/Object;IIILjava/util/Comparator;)V @ 183
Event: 9.738 Thread 0x0000000002c23800 Uncommon trap: reason=array_check action=maybe_recompile pc=0x0000000003694d9c method=java.util.TimSort.binarySort([Ljava/lang/Object;IIILjava/util/Comparator;)V @ 183
Event: 10.107 Thread 0x0000000002c23800 Uncommon trap: reason=unstable_if action=reinterpret pc=0x000000000369ca68 method=java.lang.CharacterDataLatin1.digit(II)I @ 31
Event: 10.755 Thread 0x0000000002c23800 Uncommon trap: reason=array_check action=maybe_recompile pc=0x0000000003763bf0 method=java.util.TimSort.binarySort([Ljava/lang/Object;IIILjava/util/Comparator;)V @ 215
Event: 10.755 Thread 0x0000000002c23800 Uncommon trap: reason=array_check action=maybe_recompile pc=0x0000000003763bf0 method=java.util.TimSort.binarySort([Ljava/lang/Object;IIILjava/util/Comparator;)V @ 215
Event: 11.665 Thread 0x0000000002c23800 Uncommon trap: reason=unstable_if action=reinterpret pc=0x000000000364c288 method=java.util.jar.Manifest$FastInputStream.readLine([BII)I @ 87
Event: 11.930 Thread 0x0000000002c23800 Uncommon trap: reason=unstable_if action=reinterpret pc=0x00000000037b92ec method=java.util.jar.Attributes$Name.isDigit(C)Z @ 3
Event: 12.993 Thread 0x0000000002c23800 Uncommon trap: reason=bimorphic action=maybe_recompile pc=0x0000000003754ec4 method=java.util.regex.Matcher.match(II)Z @ 86
Event: 12.993 Thread 0x0000000002c23800 Uncommon trap: reason=unstable_if action=reinterpret pc=0x000000000345d218 method=java.util.regex.ASCII.isType(II)Z @ 6
Event: 13.122 Thread 0x0000000002c23800 Uncommon trap: reason=bimorphic action=maybe_recompile pc=0x0000000003754ec4 method=java.util.regex.Matcher.match(II)Z @ 86

Classes redefined (0 events):
No events

Internal exceptions (10 events):
Event: 4.309 Thread 0x0000000002c23800 Exception <a 'java/lang/NoClassDefFoundError': com/google/inject/servlet/ServletModuleTargetVisitor> (0x000000076cd05928) thrown at [C:\re\workspace\8-2-build-windows-amd64-cygwin\jdk8u211\12973\hotspot\src\share\vm\classfile\systemDictionary.cpp, line 19
Event: 4.310 Thread 0x0000000002c23800 Exception <a 'java/lang/NoClassDefFoundError'> (0x000000076cd05928) thrown at [C:\re\workspace\8-2-build-windows-amd64-cygwin\jdk8u211\12973\hotspot\src\share\vm\prims\jvm.cpp, line 1506]
Event: 4.310 Thread 0x0000000002c23800 Exception <a 'java/lang/NoClassDefFoundError': javax/annotation/Priority> (0x000000076cd0a9f8) thrown at [C:\re\workspace\8-2-build-windows-amd64-cygwin\jdk8u211\12973\hotspot\src\share\vm\classfile\systemDictionary.cpp, line 199]
Event: 4.561 Thread 0x0000000002c23800 Implicit null exception at 0x0000000002ef8618 to 0x0000000002ef8811
Event: 5.911 Thread 0x0000000002c23800 Implicit null exception at 0x00000000033b2ff1 to 0x00000000033b42ed
Event: 7.348 Thread 0x0000000002c23800 Implicit null exception at 0x0000000003105e95 to 0x0000000003106095
Event: 7.385 Thread 0x0000000002c23800 Implicit null exception at 0x0000000003088b6f to 0x0000000003088bd9
Event: 10.997 Thread 0x0000000002c23800 Exception <a 'java/lang/ClassNotFoundException': com/sun/tools/javac/api/JavacTool> (0x000000076ee28440) thrown at [C:\re\workspace\8-2-build-windows-amd64-cygwin\jdk8u211\12973\hotspot\src\share\vm\classfile\systemDictionary.cpp, line 210]
Event: 13.312 Thread 0x0000000002c23800 Exception <a 'java/io/FileNotFoundException'> (0x000000076c0b2360) thrown at [C:\re\workspace\8-2-build-windows-amd64-cygwin\jdk8u211\12973\hotspot\src\share\vm\prims\jni.cpp, line 710]
Event: 13.547 Thread 0x0000000002c23800 Exception <a 'java/io/FileNotFoundException'> (0x000000076c0e9290) thrown at [C:\re\workspace\8-2-build-windows-amd64-cygwin\jdk8u211\12973\hotspot\src\share\vm\prims\jni.cpp, line 710]

Events (10 events):
Event: 13.770 Thread 0x0000000002c23800 DEOPT PACKING pc=0x00000000037fbf97 sp=0x000000000293d110
Event: 13.770 Thread 0x0000000002c23800 DEOPT UNPACKING pc=0x0000000002d67890 sp=0x000000000293cf38 mode 0
Event: 13.770 Thread 0x0000000002c23800 DEOPT PACKING pc=0x00000000037fbf97 sp=0x000000000293d110
Event: 13.770 Thread 0x0000000002c23800 DEOPT UNPACKING pc=0x0000000002d67890 sp=0x000000000293cf38 mode 0
Event: 13.770 Thread 0x0000000002c23800 DEOPT PACKING pc=0x00000000037fbf97 sp=0x000000000293d110
Event: 13.771 Thread 0x0000000002c23800 DEOPT UNPACKING pc=0x0000000002d67890 sp=0x000000000293cf38 mode 0
Event: 13.771 Thread 0x0000000002c23800 DEOPT PACKING pc=0x00000000037fbf97 sp=0x000000000293d110
Event: 13.771 Thread 0x0000000002c23800 DEOPT UNPACKING pc=0x0000000002d67890 sp=0x000000000293cf38 mode 0
Event: 13.771 Thread 0x0000000002c23800 DEOPT PACKING pc=0x00000000037fbf97 sp=0x000000000293d110
Event: 13.771 Thread 0x0000000002c23800 DEOPT UNPACKING pc=0x0000000002d67890 sp=0x000000000293cf38 mode 0


Dynamic libraries:
0x00007ff73ae30000 - 0x00007ff73ae67000 	C:\Program Files\Java\jdk1.8.0_211\bin\java.exe
0x00007ff92fa20000 - 0x00007ff92fc10000 	C:\Windows\SYSTEM32\ntdll.dll
0x00007ff92f920000 - 0x00007ff92f9d2000 	C:\Windows\System32\KERNEL32.DLL
0x00007ff92c990000 - 0x00007ff92cc35000 	C:\Windows\System32\KERNELBASE.dll
0x00007ff92e590000 - 0x00007ff92e633000 	C:\Windows\System32\ADVAPI32.dll
0x00007ff92f820000 - 0x00007ff92f8be000 	C:\Windows\System32\msvcrt.dll
0x00007ff92dad0000 - 0x00007ff92db67000 	C:\Windows\System32\sechost.dll
0x00007ff92ef90000 - 0x00007ff92f0af000 	C:\Windows\System32\RPCRT4.dll
0x00007ff92ed80000 - 0x00007ff92ef14000 	C:\Windows\System32\USER32.dll
0x00007ff92cd50000 - 0x00007ff92cd71000 	C:\Windows\System32\win32u.dll
0x00007ff92e280000 - 0x00007ff92e2a6000 	C:\Windows\System32\GDI32.dll
0x00007ff92d930000 - 0x00007ff92dac8000 	C:\Windows\System32\gdi32full.dll
0x00007ff92cc40000 - 0x00007ff92ccde000 	C:\Windows\System32\msvcp_win.dll
0x00007ff92cee0000 - 0x00007ff92cfda000 	C:\Windows\System32\ucrtbase.dll
0x00007ff91f250000 - 0x00007ff91f4d4000 	C:\Windows\WinSxS\amd64_microsoft.windows.common-controls_6595b64144ccf1df_6.0.18362.1440_none_9e7dbfb9e45e8e67\COMCTL32.dll
0x00007ff92f330000 - 0x00007ff92f666000 	C:\Windows\System32\combase.dll
0x00007ff92d790000 - 0x00007ff92d811000 	C:\Windows\System32\bcryptPrimitives.dll
0x00007ff92f720000 - 0x00007ff92f74e000 	C:\Windows\System32\IMM32.DLL
0x000000006d020000 - 0x000000006d0f2000 	C:\Program Files\Java\jdk1.8.0_211\jre\bin\msvcr100.dll
0x000000006c770000 - 0x000000006d015000 	C:\Program Files\Java\jdk1.8.0_211\jre\bin\server\jvm.dll
0x00007ff92e640000 - 0x00007ff92e648000 	C:\Windows\System32\PSAPI.DLL
0x00007ff902b10000 - 0x00007ff902b19000 	C:\Windows\SYSTEM32\WSOCK32.dll
0x00007ff92e520000 - 0x00007ff92e58f000 	C:\Windows\System32\WS2_32.dll
0x00007ff92a500000 - 0x00007ff92a524000 	C:\Windows\SYSTEM32\WINMM.dll
0x00007ff9208f0000 - 0x00007ff9208fa000 	C:\Windows\SYSTEM32\VERSION.dll
0x00007ff92a4d0000 - 0x00007ff92a4fd000 	C:\Windows\SYSTEM32\WINMMBASE.dll
0x00007ff92cd00000 - 0x00007ff92cd4a000 	C:\Windows\System32\cfgmgr32.dll
0x00007ff8fd600000 - 0x00007ff8fd60f000 	C:\Program Files\Java\jdk1.8.0_211\jre\bin\verify.dll
0x00007ff8ee790000 - 0x00007ff8ee7b9000 	C:\Program Files\Java\jdk1.8.0_211\jre\bin\java.dll
0x00007ff8eead0000 - 0x00007ff8eeaf3000 	C:\Program Files\Java\jdk1.8.0_211\jre\bin\instrument.dll
0x00007ff8f3f80000 - 0x00007ff8f3f96000 	C:\Program Files\Java\jdk1.8.0_211\jre\bin\zip.dll
0x00007ff92e690000 - 0x00007ff92ed78000 	C:\Windows\System32\SHELL32.dll
0x00007ff92f670000 - 0x00007ff92f717000 	C:\Windows\System32\shcore.dll
0x00007ff92cfe0000 - 0x00007ff92d75b000 	C:\Windows\System32\windows.storage.dll
0x00007ff92c970000 - 0x00007ff92c98e000 	C:\Windows\System32\profapi.dll
0x00007ff92c900000 - 0x00007ff92c94a000 	C:\Windows\System32\powrprof.dll
0x00007ff92c8d0000 - 0x00007ff92c8e0000 	C:\Windows\System32\UMPDC.dll
0x00007ff92f8c0000 - 0x00007ff92f912000 	C:\Windows\System32\shlwapi.dll
0x00007ff92c8e0000 - 0x00007ff92c8f1000 	C:\Windows\System32\kernel.appcore.dll
0x00007ff92cce0000 - 0x00007ff92ccf7000 	C:\Windows\System32\cryptsp.dll
0x00007ff8eeab0000 - 0x00007ff8eeaca000 	C:\Users\Ikenna\AppData\Local\JetBrains\IntelliJ IDEA Community Edition 2020.1\bin\breakgen64.dll
0x00007ff8ee770000 - 0x00007ff8ee78a000 	C:\Program Files\Java\jdk1.8.0_211\jre\bin\net.dll
0x00007ff91f840000 - 0x00007ff91fa17000 	C:\Windows\SYSTEM32\urlmon.dll
0x00007ff91f590000 - 0x00007ff91f837000 	C:\Windows\SYSTEM32\iertutil.dll
0x00007ff92c1e0000 - 0x00007ff92c1ec000 	C:\Windows\SYSTEM32\CRYPTBASE.DLL
0x00007ff92c060000 - 0x00007ff92c0c7000 	C:\Windows\system32\mswsock.dll
0x00007ff92bbf0000 - 0x00007ff92bc23000 	C:\Windows\system32\rsaenh.dll
0x00007ff92d760000 - 0x00007ff92d786000 	C:\Windows\System32\bcrypt.dll
0x00007ff92c7b0000 - 0x00007ff92c7d5000 	C:\Windows\SYSTEM32\USERENV.dll
0x00007ff92bd80000 - 0x00007ff92bdba000 	C:\Windows\SYSTEM32\IPHLPAPI.DLL
0x00007ff92e650000 - 0x00007ff92e658000 	C:\Windows\System32\NSI.dll
0x00007ff924440000 - 0x00007ff924456000 	C:\Windows\SYSTEM32\dhcpcsvc6.DLL
0x00007ff9234c0000 - 0x00007ff9234dc000 	C:\Windows\SYSTEM32\dhcpcsvc.DLL
0x00007ff92bdc0000 - 0x00007ff92be8b000 	C:\Windows\SYSTEM32\DNSAPI.dll
0x00007ff8eceb0000 - 0x00007ff8ecec2000 	C:\Program Files\Java\jdk1.8.0_211\jre\bin\nio.dll
0x00007ff9247f0000 - 0x00007ff9247fa000 	C:\Users\Ikenna\AppData\Local\Temp\jansi-1.17.1-5233444489372045028.dll
0x00007ff8ff7b0000 - 0x00007ff8ff7ba000 	C:\Users\Ikenna\AppData\Local\Temp\jansi-1.17.1-1414973425017876410.dll

VM Arguments:
jvm_args: -Dmaven.multiModuleProjectDirectory=C:\Users\Ikenna\Desktop\Java\aipalcare-patient-api -Dmaven.home=C:\Users\Ikenna\AppData\Local\JetBrains\IntelliJ IDEA Community Edition 2020.1\plugins\maven\lib\maven3 -Dclassworlds.conf=C:\Users\Ikenna\AppData\Local\JetBrains\IntelliJ IDEA Community Edition 2020.1\plugins\maven\lib\maven3\bin\m2.conf -Dmaven.ext.class.path=C:\Users\Ikenna\AppData\Local\JetBrains\IntelliJ IDEA Community Edition 2020.1\plugins\maven\lib\maven-event-listener.jar -javaagent:C:\Users\Ikenna\AppData\Local\JetBrains\IntelliJ IDEA Community Edition 2020.1\lib\idea_rt.jar=53670:C:\Users\Ikenna\AppData\Local\JetBrains\IntelliJ IDEA Community Edition 2020.1\bin -Dfile.encoding=UTF-8 
java_command: org.codehaus.classworlds.Launcher -Didea.version2020.1.3 package
java_class_path (initial): C:\Users\Ikenna\AppData\Local\JetBrains\IntelliJ IDEA Community Edition 2020.1\plugins\maven\lib\maven3\boot\plexus-classworlds-2.6.0.jar;C:\Users\Ikenna\AppData\Local\JetBrains\IntelliJ IDEA Community Edition 2020.1\plugins\maven\lib\maven3\boot\plexus-classworlds.license;C:\Users\Ikenna\AppData\Local\JetBrains\IntelliJ IDEA Community Edition 2020.1\lib\idea_rt.jar
Launcher Type: SUN_STANDARD

Environment Variables:
JAVA_HOME=C:\Program Files\Java\jdk1.8.0_211
CLASSPATH=.;
PATH=C:\Program Files (x86)\Common Files\Oracle\Java\javapath;C:\Program Files (x86)\NVIDIA Corporation\PhysX\Common;C:\Program Files (x86)\Common Files\Intel\Shared Libraries\redist\intel64\compiler;C:\Windows\system32;C:\Windows;C:\Windows\System32\Wbem;C:\Windows\System32\WindowsPowerShell\v1.0\;C:\Windows\System32\OpenSSH\;C:\Program Files\Microsoft SQL Server\120\Tools\Binn\;C:\Program Files\MATLAB\R2019a\bin;C:\MinGW\bin;C:\Program Files\Microsoft SQL Server\Client SDK\ODBC\110\Tools\Binn\;C:\Program Files (x86)\Microsoft SQL Server\120\Tools\Binn\;C:\Program Files\Microsoft SQL Server\120\DTS\Binn\;C:\Program Files (x86)\Windows Kits\8.1\Windows Performance Toolkit\;C:\ProgramData\chocolatey\bin;C:\Program Files\Java\jdk1.8.0_211\bin;C:\Apache24\bin;C:\Program Files\Git\cmd;C:\Program Files\Amazon\AWSCLIV2\;C:\Program Files\PuTTY\;C:\Program Files\nodejs\;C:\Program Files\Docker\Docker\resources\bin;C:\ProgramData\DockerDesktop\version-bin;C:\Program Files\MySQL\MySQL Shell 8.0\bin\;C:\Users\Ikenna\AppData\Local\Programs\Python\Python38-32\Scripts;C:\Users\Ikenna\AppData\Local\Programs\Python\Python38-32;C:\Program Files\JetBrains\PyCharm Community Edition 2019.1.2\bin;C:\Users\Ikenna\AppData\Local\GitHubDesktop\bin;C:\Users\Ikenna\AppData\Local\Programs\Microsoft VS Code\bin;C:\Users\Ikenna\AppData\Local\Android\Sdk\platform-tools;C:\Program Files\heroku\bin;C:\Users\Ikenna\heroku\bin;C:\Users\Ikenna\AppData\Roaming\npm
USERNAME=Ikenna
OS=Windows_NT
PROCESSOR_IDENTIFIER=Intel64 Family 6 Model 61 Stepping 4, GenuineIntel



---------------  S Y S T E M  ---------------

OS: Windows 10.0 , 64 bit Build 18362 (10.0.18362.1350)

CPU:total 4 (initial active 4) (2 cores per cpu, 2 threads per core) family 6 model 61 stepping 4, cmov, cx8, fxsr, mmx, sse, sse2, sse3, ssse3, sse4.1, sse4.2, popcnt, avx, avx2, aes, clmul, erms, rtm, 3dnowpref, lzcnt, ht, tsc, tscinvbit, bmi1, bmi2, adx

Memory: 4k page, physical 16649324k(4158560k free), swap 21914300k(5668k free)

vm_info: Java HotSpot(TM) 64-Bit Server VM (25.211-b12) for windows-amd64 JRE (1.8.0_211-b12), built on Apr  1 2019 20:53:26 by "java_re" with MS VC++ 10.0 (VS2010)

time: Sat Mar 27 12:20:20 2021
timezone: Eastern Daylight Time
elapsed time: 13 seconds (0d 0h 0m 13s)

